<?xml version="1.0" encoding="UTF-8"?>
<!-- Generated by org.testng.reporters.JUnitReportReporter -->
<testsuite skipped="0" hostname="LAPTOP-AMA7L6BO" name="com.automation.fb_test.DataProviderTest" tests="3" failures="0" timestamp="23 Nov 2016 21:23:38 GMT" time="37.772" errors="0">
  <testcase name="sampleLoginTest" time="12.393" classname="com.automation.fb_test.DataProviderTest"/>
  <testcase name="sampleLoginTest" time="12.898" classname="com.automation.fb_test.DataProviderTest"/>
  <testcase name="sampleLoginTest" time="12.481" classname="com.automation.fb_test.DataProviderTest"/>
</testsuite> <!-- com.automation.fb_test.DataProviderTest -->
